<?xml version="1.0" encoding="UTF-8"?>
<testsuites name="Test Suite Final Project" time="210.535" tests="3" failures="1" errors="0">
   <testsuite name="Test Suite Final Project" tests="3" failures="1" errors="0" time="210.535" skipped="0" timestamp="13-02-2024T18:22:15" hostname="Maulana Y - DESKTOP-736VERV" id="Test Suites/Test Suite Final Project">
      <properties>
         <property name="deviceName" value="emulator-5554 (sdk_gphone_x86 - Android 11)"/>
         <property name="devicePlatform" value=""/>
         <property name="logFolder" value="C:\\Users\\Maulana Y\\git\\katalon-finalmobile-Muhammad-Maulana-Yusuf\\Reports\\20240213_182207\\Test Suite Final Project\\20240213_182207"/>
         <property name="logFiles" value="C:\\Users\\Maulana Y\\git\\katalon-finalmobile-Muhammad-Maulana-Yusuf\\Reports\\20240213_182207\\Test Suite Final Project\\20240213_182207\\appium.log, C:\\Users\\Maulana Y\\git\\katalon-finalmobile-Muhammad-Maulana-Yusuf\\Reports\\20240213_182207\\Test Suite Final Project\\20240213_182207\\appium_error.log, C:\\Users\\Maulana Y\\git\\katalon-finalmobile-Muhammad-Maulana-Yusuf\\Reports\\20240213_182207\\Test Suite Final Project\\20240213_182207\\execution0.log"/>
         <property name="attachments" value="C:\\Users\\Maulana Y\\git\\katalon-finalmobile-Muhammad-Maulana-Yusuf\\Reports\\20240213_182207\\Test Suite Final Project\\20240213_182207\\1707823449000.png, C:\\Users\\Maulana Y\\git\\katalon-finalmobile-Muhammad-Maulana-Yusuf\\Reports\\20240213_182207\\Test Suite Final Project\\20240213_182207\\1707823450029.png, C:\\Users\\Maulana Y\\git\\katalon-finalmobile-Muhammad-Maulana-Yusuf\\Reports\\20240213_182207\\Test Suite Final Project\\20240213_182207\\1707823481020.png, C:\\Users\\Maulana Y\\git\\katalon-finalmobile-Muhammad-Maulana-Yusuf\\Reports\\20240213_182207\\Test Suite Final Project\\20240213_182207\\1707823481827.png, C:\\Users\\Maulana Y\\git\\katalon-finalmobile-Muhammad-Maulana-Yusuf\\Reports\\20240213_182207\\Test Suite Final Project\\20240213_182207\\1707823512730.png, C:\\Users\\Maulana Y\\git\\katalon-finalmobile-Muhammad-Maulana-Yusuf\\Reports\\20240213_182207\\Test Suite Final Project\\20240213_182207\\1707823513501.png, C:\\Users\\Maulana Y\\git\\katalon-finalmobile-Muhammad-Maulana-Yusuf\\Reports\\20240213_182207\\Test Suite Final Project\\20240213_182207\\1707823544364.png, C:\\Users\\Maulana Y\\git\\katalon-finalmobile-Muhammad-Maulana-Yusuf\\Reports\\20240213_182207\\Test Suite Final Project\\20240213_182207\\1707823545128.png"/>
         <property name="hostName" value="Maulana Y - DESKTOP-736VERV"/>
         <property name="os" value="Windows 11 64bit"/>
         <property name="appiumServerStatus" value="{&quot;value&quot;:{&quot;ready&quot;:true,&quot;message&quot;:&quot;The server is ready to accept new connections&quot;,&quot;build&quot;:{&quot;version&quot;:&quot;2.5.0&quot;}}}"/>
         <property name="katalonVersion" value="9.3.0.212"/>
         <property name="deviceOS" value="Android"/>
         <property name="appiumVersion" value="2.5.0"/>
         <property name="deviceModel" value="sdk_gphone_x86"/>
         <property name="hostAddress" value="172.20.10.4"/>
         <property name="deviceManufacturer" value="Google"/>
         <property name="deviceId" value="emulator-5554"/>
         <property name="deviceName" value="emulator-5554 (sdk_gphone_x86 - Android 11)"/>
         <property name="deviceOSVersion" value="11"/>
      </properties>
      <testcase name="Test Cases/Register Account" time="66.323" classname="Test Cases/Register Account" status="PASSED">
         <system-out><![CDATA[13-02-2024T18:22:15 - [TEST_CASE][PASSED] - Test Cases/Register Account: Test Cases/Register Account

13-02-2024T18:22:16 - [TEST_STEP][PASSED] - startApplication("C:\Users\Maulana Y\Downloads\Advantage+demo+3.2.apk", true): Started app at: 'C:\Users\Maulana Y\Downloads\Advantage+demo+3.2.apk'

13-02-2024T18:22:17 - [MESSAGE][INFO] - Detected NodeJS location: "C:\Program Files\nodejs\node.exe"

13-02-2024T18:22:28 - [MESSAGE][INFO] - PATH: C:\Program Files\nodejs;

13-02-2024T18:22:28 - [MESSAGE][INFO] - APPIUM_HOME: C:\Users\Maulana Y\.appium

13-02-2024T18:22:28 - [MESSAGE][INFO] - appium outlog: C:\Users\Maulana Y\git\katalon-finalmobile-Muhammad-Maulana-Yusuf\Reports\20240213_182207\Test Suite Final Project\20240213_182207\appium.log

13-02-2024T18:22:28 - [MESSAGE][INFO] - appium errlog: C:\Users\Maulana Y\git\katalon-finalmobile-Muhammad-Maulana-Yusuf\Reports\20240213_182207\Test Suite Final Project\20240213_182207\appium_error.log

13-02-2024T18:22:30 - [MESSAGE][INFO] - Appium server started on port 59,537

13-02-2024T18:22:41 - [MESSAGE][PASSED] - Started app at: 'C:\Users\Maulana Y\Downloads\Advantage+demo+3.2.apk'

13-02-2024T18:22:41 - [TEST_STEP][PASSED] - tap(findTestObject("Object Repository/Register/MenuBar"), 0): Tapped on element 'Object Repository/Register/MenuBar'

13-02-2024T18:22:41 - [MESSAGE][WARNING] - Timeout '0' is invalid. Using default page load timeout: '30'

13-02-2024T18:22:43 - [MESSAGE][PASSED] - Tapped on element 'Object Repository/Register/MenuBar'

13-02-2024T18:22:43 - [TEST_STEP][PASSED] - tap(findTestObject("Object Repository/Register/LOGIN"), 0): Tapped on element 'Object Repository/Register/LOGIN'

13-02-2024T18:22:43 - [MESSAGE][WARNING] - Timeout '0' is invalid. Using default page load timeout: '30'

13-02-2024T18:22:44 - [MESSAGE][PASSED] - Tapped on element 'Object Repository/Register/LOGIN'

13-02-2024T18:22:44 - [TEST_STEP][PASSED] - tap(findTestObject("Object Repository/Register/SIGN UP TODAY"), 0): Tapped on element 'Object Repository/Register/SIGN UP TODAY'

13-02-2024T18:22:44 - [MESSAGE][WARNING] - Timeout '0' is invalid. Using default page load timeout: '30'

13-02-2024T18:22:45 - [MESSAGE][PASSED] - Tapped on element 'Object Repository/Register/SIGN UP TODAY'

13-02-2024T18:22:45 - [TEST_STEP][PASSED] - tap(findTestObject("Object Repository/Register/android.widget.TextView - USER NAME"), 0): Tapped on element 'Object Repository/Register/android.widget.TextView - USER NAME'

13-02-2024T18:22:45 - [MESSAGE][WARNING] - Timeout '0' is invalid. Using default page load timeout: '30'

13-02-2024T18:22:47 - [MESSAGE][PASSED] - Tapped on element 'Object Repository/Register/android.widget.TextView - USER NAME'

13-02-2024T18:22:47 - [TEST_STEP][PASSED] - setText(findTestObject("Object Repository/Register/EditTextUsername"), username, 0): Text 'Hey123' has been set to element 'Object Repository/Register/EditTextUsername'

13-02-2024T18:22:47 - [MESSAGE][WARNING] - Timeout '0' is invalid. Using default page load timeout: '30'

13-02-2024T18:22:49 - [MESSAGE][PASSED] - Text 'Hey123' has been set to element 'Object Repository/Register/EditTextUsername'

13-02-2024T18:22:49 - [TEST_STEP][PASSED] - setText(findTestObject("Object Repository/Register/EditTextEmail"), email, 0): Text 'ha@gmail.com' has been set to element 'Object Repository/Register/EditTextEmail'

13-02-2024T18:22:49 - [MESSAGE][WARNING] - Timeout '0' is invalid. Using default page load timeout: '30'

13-02-2024T18:22:51 - [MESSAGE][PASSED] - Text 'ha@gmail.com' has been set to element 'Object Repository/Register/EditTextEmail'

13-02-2024T18:22:51 - [TEST_STEP][PASSED] - setText(findTestObject("Object Repository/Register/EditTextPassword"), password, 0): Text 'Halo123' has been set to element 'Object Repository/Register/EditTextPassword'

13-02-2024T18:22:51 - [MESSAGE][WARNING] - Timeout '0' is invalid. Using default page load timeout: '30'

13-02-2024T18:22:54 - [MESSAGE][PASSED] - Text 'Halo123' has been set to element 'Object Repository/Register/EditTextPassword'

13-02-2024T18:22:54 - [TEST_STEP][PASSED] - setText(findTestObject("Object Repository/Register/EditTextConfirmPassword"), cpassword, 0): Text 'Halo123' has been set to element 'Object Repository/Register/EditTextConfirmPassword'

13-02-2024T18:22:54 - [MESSAGE][WARNING] - Timeout '0' is invalid. Using default page load timeout: '30'

13-02-2024T18:22:56 - [MESSAGE][PASSED] - Text 'Halo123' has been set to element 'Object Repository/Register/EditTextConfirmPassword'

13-02-2024T18:22:56 - [TEST_STEP][PASSED] - hideKeyboard(): Keyboard is hidden

13-02-2024T18:22:59 - [MESSAGE][PASSED] - Keyboard is hidden

13-02-2024T18:22:59 - [TEST_STEP][PASSED] - scrollToText("Country"): Scrolling to text 'Country' successfully

13-02-2024T18:23:02 - [MESSAGE][PASSED] - Scrolling to text 'Country' successfully

13-02-2024T18:23:02 - [TEST_STEP][PASSED] - setText(findTestObject("Register/FirstName"), firstname, 0): Text 'Hihi' has been set to element 'Object Repository/Register/FirstName'

13-02-2024T18:23:03 - [MESSAGE][WARNING] - Timeout '0' is invalid. Using default page load timeout: '30'

13-02-2024T18:23:04 - [MESSAGE][PASSED] - Text 'Hihi' has been set to element 'Object Repository/Register/FirstName'

13-02-2024T18:23:04 - [TEST_STEP][PASSED] - setText(findTestObject("Register/LastName"), lastname, 0): Text 'kow' has been set to element 'Object Repository/Register/LastName'

13-02-2024T18:23:04 - [MESSAGE][WARNING] - Timeout '0' is invalid. Using default page load timeout: '30'

13-02-2024T18:23:07 - [MESSAGE][PASSED] - Text 'kow' has been set to element 'Object Repository/Register/LastName'

13-02-2024T18:23:07 - [TEST_STEP][PASSED] - setText(findTestObject("Register/PhoneNumber"), phone, 0): Text '0817171' has been set to element 'Object Repository/Register/PhoneNumber'

13-02-2024T18:23:07 - [MESSAGE][WARNING] - Timeout '0' is invalid. Using default page load timeout: '30'

13-02-2024T18:23:09 - [MESSAGE][PASSED] - Text '0817171' has been set to element 'Object Repository/Register/PhoneNumber'

13-02-2024T18:23:09 - [TEST_STEP][PASSED] - setText(findTestObject("Register/State"), state, 0): Text 'ha' has been set to element 'Object Repository/Register/State'

13-02-2024T18:23:09 - [MESSAGE][WARNING] - Timeout '0' is invalid. Using default page load timeout: '30'

13-02-2024T18:23:11 - [MESSAGE][PASSED] - Text 'ha' has been set to element 'Object Repository/Register/State'

13-02-2024T18:23:11 - [TEST_STEP][PASSED] - setText(findTestObject("Register/Address"), address, 0): Text 'haha' has been set to element 'Object Repository/Register/Address'

13-02-2024T18:23:11 - [MESSAGE][WARNING] - Timeout '0' is invalid. Using default page load timeout: '30'

13-02-2024T18:23:14 - [MESSAGE][PASSED] - Text 'haha' has been set to element 'Object Repository/Register/Address'

13-02-2024T18:23:14 - [TEST_STEP][PASSED] - setText(findTestObject("Register/City"), city, 0): Text 'kita' has been set to element 'Object Repository/Register/City'

13-02-2024T18:23:14 - [MESSAGE][WARNING] - Timeout '0' is invalid. Using default page load timeout: '30'

13-02-2024T18:23:16 - [MESSAGE][PASSED] - Text 'kita' has been set to element 'Object Repository/Register/City'

13-02-2024T18:23:16 - [TEST_STEP][PASSED] - setText(findTestObject("Register/Zip"), postcode, 0): Text '3232' has been set to element 'Object Repository/Register/Zip'

13-02-2024T18:23:16 - [MESSAGE][WARNING] - Timeout '0' is invalid. Using default page load timeout: '30'

13-02-2024T18:23:19 - [MESSAGE][PASSED] - Text '3232' has been set to element 'Object Repository/Register/Zip'

13-02-2024T18:23:19 - [TEST_STEP][PASSED] - hideKeyboard(): Keyboard is hidden

13-02-2024T18:23:20 - [MESSAGE][PASSED] - Keyboard is hidden

13-02-2024T18:23:20 - [TEST_STEP][PASSED] - if (offer == "1"): null

13-02-2024T18:23:20 - [TEST_STEP][PASSED] - else: Tapped on element 'Object Repository/Register/android.widget.CheckBox - Receive exclusive offers and promotions'

13-02-2024T18:23:20 - [TEST_STEP][PASSED] - tap(findTestObject("Register/android.widget.CheckBox - Receive exclusive offers and promotions"), 0): Tapped on element 'Object Repository/Register/android.widget.CheckBox - Receive exclusive offers and promotions'

13-02-2024T18:23:20 - [MESSAGE][WARNING] - Timeout '0' is invalid. Using default page load timeout: '30'

13-02-2024T18:23:20 - [MESSAGE][PASSED] - Tapped on element 'Object Repository/Register/android.widget.CheckBox - Receive exclusive offers and promotions'

13-02-2024T18:23:20 - [TEST_STEP][PASSED] - tap(findTestObject("Register/android.widget.CheckBox - Receive exclusive offers and promotions"), 0): Tapped on element 'Object Repository/Register/android.widget.CheckBox - Receive exclusive offers and promotions'

13-02-2024T18:23:20 - [MESSAGE][WARNING] - Timeout '0' is invalid. Using default page load timeout: '30'

13-02-2024T18:23:21 - [MESSAGE][PASSED] - Tapped on element 'Object Repository/Register/android.widget.CheckBox - Receive exclusive offers and promotions'

13-02-2024T18:23:21 - [TEST_STEP][PASSED] - tap(findTestObject("Register/Button - REGISTER"), 0): Tapped on element 'Object Repository/Register/Button - REGISTER'

13-02-2024T18:23:21 - [MESSAGE][WARNING] - Timeout '0' is invalid. Using default page load timeout: '30'

13-02-2024T18:23:22 - [MESSAGE][PASSED] - Tapped on element 'Object Repository/Register/Button - REGISTER']]></system-out>
         <system-err><![CDATA[]]></system-err>
      </testcase>
      <testcase name="Test Cases/Search Speaker" time="8.783" classname="Test Cases/Search Speaker" status="PASSED">
         <system-out><![CDATA[13-02-2024T18:23:22 - [TEST_CASE][PASSED] - Test Cases/Search Speaker: Test Cases/Search Speaker

13-02-2024T18:23:22 - [TEST_STEP][PASSED] - tap(findTestObject("Object Repository/Search/Search Button"), 0): Tapped on element 'Object Repository/Search/Search Button'

13-02-2024T18:23:22 - [MESSAGE][WARNING] - Timeout '0' is invalid. Using default page load timeout: '30'

13-02-2024T18:23:26 - [MESSAGE][PASSED] - Tapped on element 'Object Repository/Search/Search Button'

13-02-2024T18:23:26 - [TEST_STEP][PASSED] - setText(findTestObject("Object Repository/Search/android.widget.EditText - Search"), "Speaker", 0): Text 'Speaker' has been set to element 'Object Repository/Search/android.widget.EditText - Search'

13-02-2024T18:23:26 - [MESSAGE][WARNING] - Timeout '0' is invalid. Using default page load timeout: '30'

13-02-2024T18:23:28 - [MESSAGE][PASSED] - Text 'Speaker' has been set to element 'Object Repository/Search/android.widget.EditText - Search'

13-02-2024T18:23:28 - [TEST_STEP][PASSED] - tap(findTestObject("Object Repository/Search/Search Button"), 0): Tapped on element 'Object Repository/Search/Search Button'

13-02-2024T18:23:28 - [MESSAGE][WARNING] - Timeout '0' is invalid. Using default page load timeout: '30'

13-02-2024T18:23:29 - [MESSAGE][PASSED] - Tapped on element 'Object Repository/Search/Search Button'

13-02-2024T18:23:29 - [TEST_STEP][PASSED] - pressBack(): Press back button successfully

13-02-2024T18:23:31 - [MESSAGE][PASSED] - Press back button successfully]]></system-out>
         <system-err><![CDATA[]]></system-err>
      </testcase>
      <testcase name="Test Cases/Order to Payment" time="31.647" classname="Test Cases/Order to Payment" status="FAILED">
         <failure type="FAILED" message="Test Cases/Order to Payment FAILED.&#xa;Reason:&#xa;com.kms.katalon.core.exception.StepFailedException: Failed to tap on element 'Object Repository/Order to Payment/HEADPHONES'&#xa;	at com.kms.katalon.core.mobile.keyword.internal.MobileKeywordMain.stepFailed(MobileKeywordMain.groovy:38)&#xa;	at com.kms.katalon.core.mobile.keyword.internal.MobileKeywordMain.runKeyword(MobileKeywordMain.groovy:21)&#xa;	at com.kms.katalon.core.mobile.keyword.builtin.TapKeyword.tap(TapKeyword.groovy:51)&#xa;	at com.kms.katalon.core.mobile.keyword.builtin.TapKeyword.execute(TapKeyword.groovy:35)&#xa;	at com.kms.katalon.core.keyword.internal.KeywordExecutor.executeKeywordForPlatform(KeywordExecutor.groovy:74)&#xa;	at com.kms.katalon.core.mobile.keyword.MobileBuiltInKeywords.tap(MobileBuiltInKeywords.groovy:1490)&#xa;	at Order to Payment.run(Order to Payment:20)&#xa;	at com.kms.katalon.core.main.ScriptEngine.run(ScriptEngine.java:194)&#xa;	at com.kms.katalon.core.main.ScriptEngine.runScriptAsRawText(ScriptEngine.java:119)&#xa;	at com.kms.katalon.core.main.TestCaseExecutor.runScript(TestCaseExecutor.java:448)&#xa;	at com.kms.katalon.core.main.TestCaseExecutor.doExecute(TestCaseExecutor.java:439)&#xa;	at com.kms.katalon.core.main.TestCaseExecutor.processExecutionPhase(TestCaseExecutor.java:418)&#xa;	at com.kms.katalon.core.main.TestCaseExecutor.accessMainPhase(TestCaseExecutor.java:410)&#xa;	at com.kms.katalon.core.main.TestCaseExecutor.execute(TestCaseExecutor.java:285)&#xa;	at com.kms.katalon.core.main.TestCaseExecutor.execute(TestCaseExecutor.java:369)&#xa;	at com.kms.katalon.core.main.TestCaseExecutor.execute(TestCaseExecutor.java:369)&#xa;	at com.kms.katalon.core.main.TestCaseExecutor.execute(TestCaseExecutor.java:369)&#xa;	at com.kms.katalon.core.common.CommonExecutor.accessTestCaseMainPhase(CommonExecutor.java:65)&#xa;	at com.kms.katalon.core.main.TestSuiteExecutor.accessTestSuiteMainPhase(TestSuiteExecutor.java:148)&#xa;	at com.kms.katalon.core.main.TestSuiteExecutor.execute(TestSuiteExecutor.java:106)&#xa;	at com.kms.katalon.core.main.TestCaseMain.startTestSuite(TestCaseMain.java:180)&#xa;	at TempTestSuite1707823327007.run(TempTestSuite1707823327007.groovy:36)&#xa;	at java.base/jdk.internal.reflect.NativeMethodAccessorImpl.invoke0(Native Method)&#xa;	at java.base/jdk.internal.reflect.NativeMethodAccessorImpl.invoke(NativeMethodAccessorImpl.java:77)&#xa;	at java.base/jdk.internal.reflect.DelegatingMethodAccessorImpl.invoke(DelegatingMethodAccessorImpl.java:43)&#xa;Caused by: com.kms.katalon.core.exception.StepFailedException: Object Object Repository/Order to Payment/HEADPHONES not found&#xa;	at com.kms.katalon.core.mobile.keyword.internal.MobileKeywordMain.stepFailed(MobileKeywordMain.groovy:38)&#xa;	at com.kms.katalon.core.mobile.keyword.builtin.TapKeyword$_tap_closure1.doCall(TapKeyword.groovy:46)&#xa;	at com.kms.katalon.core.mobile.keyword.builtin.TapKeyword$_tap_closure1.call(TapKeyword.groovy)&#xa;	at com.kms.katalon.core.mobile.keyword.internal.MobileKeywordMain.runKeyword(MobileKeywordMain.groovy:19)&#xa;	... 23 more&#xa;"/>
         <system-out><![CDATA[13-02-2024T18:25:14 - [TEST_CASE][FAILED] - Test Cases/Order to Payment: Test Cases/Order to Payment FAILED.
Reason:
com.kms.katalon.core.exception.StepFailedException: Failed to tap on element 'Object Repository/Order to Payment/HEADPHONES'
	at com.kms.katalon.core.mobile.keyword.internal.MobileKeywordMain.stepFailed(MobileKeywordMain.groovy:38)
	at com.kms.katalon.core.mobile.keyword.internal.MobileKeywordMain.runKeyword(MobileKeywordMain.groovy:21)
	at com.kms.katalon.core.mobile.keyword.builtin.TapKeyword.tap(TapKeyword.groovy:51)
	at com.kms.katalon.core.mobile.keyword.builtin.TapKeyword.execute(TapKeyword.groovy:35)
	at com.kms.katalon.core.keyword.internal.KeywordExecutor.executeKeywordForPlatform(KeywordExecutor.groovy:74)
	at com.kms.katalon.core.mobile.keyword.MobileBuiltInKeywords.tap(MobileBuiltInKeywords.groovy:1490)
	at Order to Payment.run(Order to Payment:20)
	at com.kms.katalon.core.main.ScriptEngine.run(ScriptEngine.java:194)
	at com.kms.katalon.core.main.ScriptEngine.runScriptAsRawText(ScriptEngine.java:119)
	at com.kms.katalon.core.main.TestCaseExecutor.runScript(TestCaseExecutor.java:448)
	at com.kms.katalon.core.main.TestCaseExecutor.doExecute(TestCaseExecutor.java:439)
	at com.kms.katalon.core.main.TestCaseExecutor.processExecutionPhase(TestCaseExecutor.java:418)
	at com.kms.katalon.core.main.TestCaseExecutor.accessMainPhase(TestCaseExecutor.java:410)
	at com.kms.katalon.core.main.TestCaseExecutor.execute(TestCaseExecutor.java:285)
	at com.kms.katalon.core.main.TestCaseExecutor.execute(TestCaseExecutor.java:369)
	at com.kms.katalon.core.main.TestCaseExecutor.execute(TestCaseExecutor.java:369)
	at com.kms.katalon.core.main.TestCaseExecutor.execute(TestCaseExecutor.java:369)
	at com.kms.katalon.core.common.CommonExecutor.accessTestCaseMainPhase(CommonExecutor.java:65)
	at com.kms.katalon.core.main.TestSuiteExecutor.accessTestSuiteMainPhase(TestSuiteExecutor.java:148)
	at com.kms.katalon.core.main.TestSuiteExecutor.execute(TestSuiteExecutor.java:106)
	at com.kms.katalon.core.main.TestCaseMain.startTestSuite(TestCaseMain.java:180)
	at TempTestSuite1707823327007.run(TempTestSuite1707823327007.groovy:36)
	at java.base/jdk.internal.reflect.NativeMethodAccessorImpl.invoke0(Native Method)
	at java.base/jdk.internal.reflect.NativeMethodAccessorImpl.invoke(NativeMethodAccessorImpl.java:77)
	at java.base/jdk.internal.reflect.DelegatingMethodAccessorImpl.invoke(DelegatingMethodAccessorImpl.java:43)
Caused by: com.kms.katalon.core.exception.StepFailedException: Object Object Repository/Order to Payment/HEADPHONES not found
	at com.kms.katalon.core.mobile.keyword.internal.MobileKeywordMain.stepFailed(MobileKeywordMain.groovy:38)
	at com.kms.katalon.core.mobile.keyword.builtin.TapKeyword$_tap_closure1.doCall(TapKeyword.groovy:46)
	at com.kms.katalon.core.mobile.keyword.builtin.TapKeyword$_tap_closure1.call(TapKeyword.groovy)
	at com.kms.katalon.core.mobile.keyword.internal.MobileKeywordMain.runKeyword(MobileKeywordMain.groovy:19)
	... 23 more


13-02-2024T18:25:14 - [TEST_STEP][FAILED] - tap(findTestObject("Object Repository/Order to Payment/HEADPHONES"), 0): Failed to tap on element 'Object Repository/Order to Payment/HEADPHONES' (Root cause: com.kms.katalon.core.exception.StepFailedException: Failed to tap on element 'Object Repository/Order to Payment/HEADPHONES'
	at com.kms.katalon.core.mobile.keyword.internal.MobileKeywordMain.stepFailed(MobileKeywordMain.groovy:38)
	at com.kms.katalon.core.mobile.keyword.internal.MobileKeywordMain.runKeyword(MobileKeywordMain.groovy:21)
	at com.kms.katalon.core.mobile.keyword.builtin.TapKeyword.tap(TapKeyword.groovy:51)
	at com.kms.katalon.core.mobile.keyword.builtin.TapKeyword.execute(TapKeyword.groovy:35)
	at com.kms.katalon.core.keyword.internal.KeywordExecutor.executeKeywordForPlatform(KeywordExecutor.groovy:74)
	at com.kms.katalon.core.mobile.keyword.MobileBuiltInKeywords.tap(MobileBuiltInKeywords.groovy:1490)
	at Order to Payment.run(Order to Payment:20)
	at com.kms.katalon.core.main.ScriptEngine.run(ScriptEngine.java:194)
	at com.kms.katalon.core.main.ScriptEngine.runScriptAsRawText(ScriptEngine.java:119)
	at com.kms.katalon.core.main.TestCaseExecutor.runScript(TestCaseExecutor.java:448)
	at com.kms.katalon.core.main.TestCaseExecutor.doExecute(TestCaseExecutor.java:439)
	at com.kms.katalon.core.main.TestCaseExecutor.processExecutionPhase(TestCaseExecutor.java:418)
	at com.kms.katalon.core.main.TestCaseExecutor.accessMainPhase(TestCaseExecutor.java:410)
	at com.kms.katalon.core.main.TestCaseExecutor.execute(TestCaseExecutor.java:285)
	at com.kms.katalon.core.main.TestCaseExecutor.execute(TestCaseExecutor.java:369)
	at com.kms.katalon.core.main.TestCaseExecutor.execute(TestCaseExecutor.java:369)
	at com.kms.katalon.core.main.TestCaseExecutor.execute(TestCaseExecutor.java:369)
	at com.kms.katalon.core.common.CommonExecutor.accessTestCaseMainPhase(CommonExecutor.java:65)
	at com.kms.katalon.core.main.TestSuiteExecutor.accessTestSuiteMainPhase(TestSuiteExecutor.java:148)
	at com.kms.katalon.core.main.TestSuiteExecutor.execute(TestSuiteExecutor.java:106)
	at com.kms.katalon.core.main.TestCaseMain.startTestSuite(TestCaseMain.java:180)
	at TempTestSuite1707823327007.run(TempTestSuite1707823327007.groovy:36)
	at java.base/jdk.internal.reflect.NativeMethodAccessorImpl.invoke0(Native Method)
	at java.base/jdk.internal.reflect.NativeMethodAccessorImpl.invoke(NativeMethodAccessorImpl.java:77)
	at java.base/jdk.internal.reflect.DelegatingMethodAccessorImpl.invoke(DelegatingMethodAccessorImpl.java:43)
Caused by: com.kms.katalon.core.exception.StepFailedException: Object Object Repository/Order to Payment/HEADPHONES not found
	at com.kms.katalon.core.mobile.keyword.internal.MobileKeywordMain.stepFailed(MobileKeywordMain.groovy:38)
	at com.kms.katalon.core.mobile.keyword.builtin.TapKeyword$_tap_closure1.doCall(TapKeyword.groovy:46)
	at com.kms.katalon.core.mobile.keyword.builtin.TapKeyword$_tap_closure1.call(TapKeyword.groovy)
	at com.kms.katalon.core.mobile.keyword.internal.MobileKeywordMain.runKeyword(MobileKeywordMain.groovy:19)
	... 23 more
)

13-02-2024T18:25:14 - [MESSAGE][WARNING] - Timeout '0' is invalid. Using default page load timeout: '30'

13-02-2024T18:25:45 - [MESSAGE][FAILED] - Object Object Repository/Order to Payment/HEADPHONES not found (Root cause: com.kms.katalon.core.exception.StepFailedException: Object Object Repository/Order to Payment/HEADPHONES not found
	at com.kms.katalon.core.mobile.keyword.internal.MobileKeywordMain.stepFailed(MobileKeywordMain.groovy:38)
	at com.kms.katalon.core.mobile.keyword.builtin.TapKeyword$_tap_closure1.doCall(TapKeyword.groovy:46)
	at com.kms.katalon.core.mobile.keyword.builtin.TapKeyword$_tap_closure1.call(TapKeyword.groovy)
	at com.kms.katalon.core.mobile.keyword.internal.MobileKeywordMain.runKeyword(MobileKeywordMain.groovy:19)
	at com.kms.katalon.core.mobile.keyword.builtin.TapKeyword.tap(TapKeyword.groovy:51)
	at com.kms.katalon.core.mobile.keyword.builtin.TapKeyword.execute(TapKeyword.groovy:35)
	at com.kms.katalon.core.keyword.internal.KeywordExecutor.executeKeywordForPlatform(KeywordExecutor.groovy:74)
	at com.kms.katalon.core.mobile.keyword.MobileBuiltInKeywords.tap(MobileBuiltInKeywords.groovy:1490)
	at Order to Payment.run(Order to Payment:20)
	at com.kms.katalon.core.main.ScriptEngine.run(ScriptEngine.java:194)
	at com.kms.katalon.core.main.ScriptEngine.runScriptAsRawText(ScriptEngine.java:119)
	at com.kms.katalon.core.main.TestCaseExecutor.runScript(TestCaseExecutor.java:448)
	at com.kms.katalon.core.main.TestCaseExecutor.doExecute(TestCaseExecutor.java:439)
	at com.kms.katalon.core.main.TestCaseExecutor.processExecutionPhase(TestCaseExecutor.java:418)
	at com.kms.katalon.core.main.TestCaseExecutor.accessMainPhase(TestCaseExecutor.java:410)
	at com.kms.katalon.core.main.TestCaseExecutor.execute(TestCaseExecutor.java:285)
	at com.kms.katalon.core.main.TestCaseExecutor.execute(TestCaseExecutor.java:369)
	at com.kms.katalon.core.main.TestCaseExecutor.execute(TestCaseExecutor.java:369)
	at com.kms.katalon.core.main.TestCaseExecutor.execute(TestCaseExecutor.java:369)
	at com.kms.katalon.core.common.CommonExecutor.accessTestCaseMainPhase(CommonExecutor.java:65)
	at com.kms.katalon.core.main.TestSuiteExecutor.accessTestSuiteMainPhase(TestSuiteExecutor.java:148)
	at com.kms.katalon.core.main.TestSuiteExecutor.execute(TestSuiteExecutor.java:106)
	at com.kms.katalon.core.main.TestCaseMain.startTestSuite(TestCaseMain.java:180)
	at TempTestSuite1707823327007.run(TempTestSuite1707823327007.groovy:36)
	at java.base/jdk.internal.reflect.NativeMethodAccessorImpl.invoke0(Native Method)
	at java.base/jdk.internal.reflect.NativeMethodAccessorImpl.invoke(NativeMethodAccessorImpl.java:77)
	at java.base/jdk.internal.reflect.DelegatingMethodAccessorImpl.invoke(DelegatingMethodAccessorImpl.java:43)
)
[[ATTACHMENT|C:\\Users\\Maulana Y\\git\\katalon-finalmobile-Muhammad-Maulana-Yusuf\\Reports\\20240213_182207\\Test Suite Final Project\\20240213_182207\\1707823544364.png]]

13-02-2024T18:25:45 - [MESSAGE][FAILED] - Failed to tap on element 'Object Repository/Order to Payment/HEADPHONES' (Root cause: com.kms.katalon.core.exception.StepFailedException: Failed to tap on element 'Object Repository/Order to Payment/HEADPHONES'
	at com.kms.katalon.core.mobile.keyword.internal.MobileKeywordMain.stepFailed(MobileKeywordMain.groovy:38)
	at com.kms.katalon.core.mobile.keyword.internal.MobileKeywordMain.runKeyword(MobileKeywordMain.groovy:21)
	at com.kms.katalon.core.mobile.keyword.builtin.TapKeyword.tap(TapKeyword.groovy:51)
	at com.kms.katalon.core.mobile.keyword.builtin.TapKeyword.execute(TapKeyword.groovy:35)
	at com.kms.katalon.core.keyword.internal.KeywordExecutor.executeKeywordForPlatform(KeywordExecutor.groovy:74)
	at com.kms.katalon.core.mobile.keyword.MobileBuiltInKeywords.tap(MobileBuiltInKeywords.groovy:1490)
	at Order to Payment.run(Order to Payment:20)
	at com.kms.katalon.core.main.ScriptEngine.run(ScriptEngine.java:194)
	at com.kms.katalon.core.main.ScriptEngine.runScriptAsRawText(ScriptEngine.java:119)
	at com.kms.katalon.core.main.TestCaseExecutor.runScript(TestCaseExecutor.java:448)
	at com.kms.katalon.core.main.TestCaseExecutor.doExecute(TestCaseExecutor.java:439)
	at com.kms.katalon.core.main.TestCaseExecutor.processExecutionPhase(TestCaseExecutor.java:418)
	at com.kms.katalon.core.main.TestCaseExecutor.accessMainPhase(TestCaseExecutor.java:410)
	at com.kms.katalon.core.main.TestCaseExecutor.execute(TestCaseExecutor.java:285)
	at com.kms.katalon.core.main.TestCaseExecutor.execute(TestCaseExecutor.java:369)
	at com.kms.katalon.core.main.TestCaseExecutor.execute(TestCaseExecutor.java:369)
	at com.kms.katalon.core.main.TestCaseExecutor.execute(TestCaseExecutor.java:369)
	at com.kms.katalon.core.common.CommonExecutor.accessTestCaseMainPhase(CommonExecutor.java:65)
	at com.kms.katalon.core.main.TestSuiteExecutor.accessTestSuiteMainPhase(TestSuiteExecutor.java:148)
	at com.kms.katalon.core.main.TestSuiteExecutor.execute(TestSuiteExecutor.java:106)
	at com.kms.katalon.core.main.TestCaseMain.startTestSuite(TestCaseMain.java:180)
	at TempTestSuite1707823327007.run(TempTestSuite1707823327007.groovy:36)
	at java.base/jdk.internal.reflect.NativeMethodAccessorImpl.invoke0(Native Method)
	at java.base/jdk.internal.reflect.NativeMethodAccessorImpl.invoke(NativeMethodAccessorImpl.java:77)
	at java.base/jdk.internal.reflect.DelegatingMethodAccessorImpl.invoke(DelegatingMethodAccessorImpl.java:43)
Caused by: com.kms.katalon.core.exception.StepFailedException: Object Object Repository/Order to Payment/HEADPHONES not found
	at com.kms.katalon.core.mobile.keyword.internal.MobileKeywordMain.stepFailed(MobileKeywordMain.groovy:38)
	at com.kms.katalon.core.mobile.keyword.builtin.TapKeyword$_tap_closure1.doCall(TapKeyword.groovy:46)
	at com.kms.katalon.core.mobile.keyword.builtin.TapKeyword$_tap_closure1.call(TapKeyword.groovy)
	at com.kms.katalon.core.mobile.keyword.internal.MobileKeywordMain.runKeyword(MobileKeywordMain.groovy:19)
	... 23 more
)
[[ATTACHMENT|C:\\Users\\Maulana Y\\git\\katalon-finalmobile-Muhammad-Maulana-Yusuf\\Reports\\20240213_182207\\Test Suite Final Project\\20240213_182207\\1707823545128.png]]]]></system-out>
         <system-err><![CDATA[13-02-2024T18:25:14 - [TEST_CASE][FAILED] - Test Cases/Order to Payment: Test Cases/Order to Payment FAILED.
Reason:
com.kms.katalon.core.exception.StepFailedException: Failed to tap on element 'Object Repository/Order to Payment/HEADPHONES'
	at com.kms.katalon.core.mobile.keyword.internal.MobileKeywordMain.stepFailed(MobileKeywordMain.groovy:38)
	at com.kms.katalon.core.mobile.keyword.internal.MobileKeywordMain.runKeyword(MobileKeywordMain.groovy:21)
	at com.kms.katalon.core.mobile.keyword.builtin.TapKeyword.tap(TapKeyword.groovy:51)
	at com.kms.katalon.core.mobile.keyword.builtin.TapKeyword.execute(TapKeyword.groovy:35)
	at com.kms.katalon.core.keyword.internal.KeywordExecutor.executeKeywordForPlatform(KeywordExecutor.groovy:74)
	at com.kms.katalon.core.mobile.keyword.MobileBuiltInKeywords.tap(MobileBuiltInKeywords.groovy:1490)
	at Order to Payment.run(Order to Payment:20)
	at com.kms.katalon.core.main.ScriptEngine.run(ScriptEngine.java:194)
	at com.kms.katalon.core.main.ScriptEngine.runScriptAsRawText(ScriptEngine.java:119)
	at com.kms.katalon.core.main.TestCaseExecutor.runScript(TestCaseExecutor.java:448)
	at com.kms.katalon.core.main.TestCaseExecutor.doExecute(TestCaseExecutor.java:439)
	at com.kms.katalon.core.main.TestCaseExecutor.processExecutionPhase(TestCaseExecutor.java:418)
	at com.kms.katalon.core.main.TestCaseExecutor.accessMainPhase(TestCaseExecutor.java:410)
	at com.kms.katalon.core.main.TestCaseExecutor.execute(TestCaseExecutor.java:285)
	at com.kms.katalon.core.main.TestCaseExecutor.execute(TestCaseExecutor.java:369)
	at com.kms.katalon.core.main.TestCaseExecutor.execute(TestCaseExecutor.java:369)
	at com.kms.katalon.core.main.TestCaseExecutor.execute(TestCaseExecutor.java:369)
	at com.kms.katalon.core.common.CommonExecutor.accessTestCaseMainPhase(CommonExecutor.java:65)
	at com.kms.katalon.core.main.TestSuiteExecutor.accessTestSuiteMainPhase(TestSuiteExecutor.java:148)
	at com.kms.katalon.core.main.TestSuiteExecutor.execute(TestSuiteExecutor.java:106)
	at com.kms.katalon.core.main.TestCaseMain.startTestSuite(TestCaseMain.java:180)
	at TempTestSuite1707823327007.run(TempTestSuite1707823327007.groovy:36)
	at java.base/jdk.internal.reflect.NativeMethodAccessorImpl.invoke0(Native Method)
	at java.base/jdk.internal.reflect.NativeMethodAccessorImpl.invoke(NativeMethodAccessorImpl.java:77)
	at java.base/jdk.internal.reflect.DelegatingMethodAccessorImpl.invoke(DelegatingMethodAccessorImpl.java:43)
Caused by: com.kms.katalon.core.exception.StepFailedException: Object Object Repository/Order to Payment/HEADPHONES not found
	at com.kms.katalon.core.mobile.keyword.internal.MobileKeywordMain.stepFailed(MobileKeywordMain.groovy:38)
	at com.kms.katalon.core.mobile.keyword.builtin.TapKeyword$_tap_closure1.doCall(TapKeyword.groovy:46)
	at com.kms.katalon.core.mobile.keyword.builtin.TapKeyword$_tap_closure1.call(TapKeyword.groovy)
	at com.kms.katalon.core.mobile.keyword.internal.MobileKeywordMain.runKeyword(MobileKeywordMain.groovy:19)
	... 23 more]]></system-err>
      </testcase>
      <system-out><![CDATA[13-02-2024T18:22:15 - [TEST_SUITE][FAILED] - Test Suite Final Project: Test Cases/Order to Payment FAILED.
Reason:
com.kms.katalon.core.exception.StepFailedException: Failed to tap on element 'Object Repository/Order to Payment/PaymentSelect'
	at com.kms.katalon.core.mobile.keyword.internal.MobileKeywordMain.stepFailed(MobileKeywordMain.groovy:38)
	at com.kms.katalon.core.mobile.keyword.internal.MobileKeywordMain.runKeyword(MobileKeywordMain.groovy:21)
	at com.kms.katalon.core.mobile.keyword.builtin.TapKeyword.tap(TapKeyword.groovy:51)
	at com.kms.katalon.core.mobile.keyword.builtin.TapKeyword.execute(TapKeyword.groovy:35)
	at com.kms.katalon.core.keyword.internal.KeywordExecutor.executeKeywordForPlatform(KeywordExecutor.groovy:74)
	at com.kms.katalon.core.mobile.keyword.MobileBuiltInKeywords.tap(MobileBuiltInKeywords.groovy:1490)
	at Order to Payment.run(Order to Payment:30)
	at com.kms.katalon.core.main.ScriptEngine.run(ScriptEngine.java:194)
	at com.kms.katalon.core.main.ScriptEngine.runScriptAsRawText(ScriptEngine.java:119)
	at com.kms.katalon.core.main.TestCaseExecutor.runScript(TestCaseExecutor.java:448)
	at com.kms.katalon.core.main.TestCaseExecutor.doExecute(TestCaseExecutor.java:439)
	at com.kms.katalon.core.main.TestCaseExecutor.processExecutionPhase(TestCaseExecutor.java:418)
	at com.kms.katalon.core.main.TestCaseExecutor.accessMainPhase(TestCaseExecutor.java:410)
	at com.kms.katalon.core.main.TestCaseExecutor.execute(TestCaseExecutor.java:285)
	at com.kms.katalon.core.common.CommonExecutor.accessTestCaseMainPhase(CommonExecutor.java:65)
	at com.kms.katalon.core.main.TestSuiteExecutor.accessTestSuiteMainPhase(TestSuiteExecutor.java:148)
	at com.kms.katalon.core.main.TestSuiteExecutor.execute(TestSuiteExecutor.java:106)
	at com.kms.katalon.core.main.TestCaseMain.startTestSuite(TestCaseMain.java:180)
	at TempTestSuite1707823327007.run(TempTestSuite1707823327007.groovy:36)
	at java.base/jdk.internal.reflect.NativeMethodAccessorImpl.invoke0(Native Method)
	at java.base/jdk.internal.reflect.NativeMethodAccessorImpl.invoke(NativeMethodAccessorImpl.java:77)
	at java.base/jdk.internal.reflect.DelegatingMethodAccessorImpl.invoke(DelegatingMethodAccessorImpl.java:43)
Caused by: com.kms.katalon.core.exception.StepFailedException: Object Object Repository/Order to Payment/PaymentSelect not found
	at com.kms.katalon.core.mobile.keyword.internal.MobileKeywordMain.stepFailed(MobileKeywordMain.groovy:38)
	at com.kms.katalon.core.mobile.keyword.builtin.TapKeyword$_tap_closure1.doCall(TapKeyword.groovy:46)
	at com.kms.katalon.core.mobile.keyword.builtin.TapKeyword$_tap_closure1.call(TapKeyword.groovy)
	at com.kms.katalon.core.mobile.keyword.internal.MobileKeywordMain.runKeyword(MobileKeywordMain.groovy:19)
	... 20 more]]></system-out>
      <system-err><![CDATA[13-02-2024T18:22:15 - [TEST_SUITE][FAILED] - Test Suite Final Project: Test Cases/Order to Payment FAILED.
Reason:
com.kms.katalon.core.exception.StepFailedException: Failed to tap on element 'Object Repository/Order to Payment/PaymentSelect'
	at com.kms.katalon.core.mobile.keyword.internal.MobileKeywordMain.stepFailed(MobileKeywordMain.groovy:38)
	at com.kms.katalon.core.mobile.keyword.internal.MobileKeywordMain.runKeyword(MobileKeywordMain.groovy:21)
	at com.kms.katalon.core.mobile.keyword.builtin.TapKeyword.tap(TapKeyword.groovy:51)
	at com.kms.katalon.core.mobile.keyword.builtin.TapKeyword.execute(TapKeyword.groovy:35)
	at com.kms.katalon.core.keyword.internal.KeywordExecutor.executeKeywordForPlatform(KeywordExecutor.groovy:74)
	at com.kms.katalon.core.mobile.keyword.MobileBuiltInKeywords.tap(MobileBuiltInKeywords.groovy:1490)
	at Order to Payment.run(Order to Payment:30)
	at com.kms.katalon.core.main.ScriptEngine.run(ScriptEngine.java:194)
	at com.kms.katalon.core.main.ScriptEngine.runScriptAsRawText(ScriptEngine.java:119)
	at com.kms.katalon.core.main.TestCaseExecutor.runScript(TestCaseExecutor.java:448)
	at com.kms.katalon.core.main.TestCaseExecutor.doExecute(TestCaseExecutor.java:439)
	at com.kms.katalon.core.main.TestCaseExecutor.processExecutionPhase(TestCaseExecutor.java:418)
	at com.kms.katalon.core.main.TestCaseExecutor.accessMainPhase(TestCaseExecutor.java:410)
	at com.kms.katalon.core.main.TestCaseExecutor.execute(TestCaseExecutor.java:285)
	at com.kms.katalon.core.common.CommonExecutor.accessTestCaseMainPhase(CommonExecutor.java:65)
	at com.kms.katalon.core.main.TestSuiteExecutor.accessTestSuiteMainPhase(TestSuiteExecutor.java:148)
	at com.kms.katalon.core.main.TestSuiteExecutor.execute(TestSuiteExecutor.java:106)
	at com.kms.katalon.core.main.TestCaseMain.startTestSuite(TestCaseMain.java:180)
	at TempTestSuite1707823327007.run(TempTestSuite1707823327007.groovy:36)
	at java.base/jdk.internal.reflect.NativeMethodAccessorImpl.invoke0(Native Method)
	at java.base/jdk.internal.reflect.NativeMethodAccessorImpl.invoke(NativeMethodAccessorImpl.java:77)
	at java.base/jdk.internal.reflect.DelegatingMethodAccessorImpl.invoke(DelegatingMethodAccessorImpl.java:43)
Caused by: com.kms.katalon.core.exception.StepFailedException: Object Object Repository/Order to Payment/PaymentSelect not found
	at com.kms.katalon.core.mobile.keyword.internal.MobileKeywordMain.stepFailed(MobileKeywordMain.groovy:38)
	at com.kms.katalon.core.mobile.keyword.builtin.TapKeyword$_tap_closure1.doCall(TapKeyword.groovy:46)
	at com.kms.katalon.core.mobile.keyword.builtin.TapKeyword$_tap_closure1.call(TapKeyword.groovy)
	at com.kms.katalon.core.mobile.keyword.internal.MobileKeywordMain.runKeyword(MobileKeywordMain.groovy:19)
	... 20 more]]></system-err>
   </testsuite>
</testsuites>
